1546416235593	mozrunner::runner	INFO	Running command: "D:\\program\\FireFox\\firefox.exe" "-marionette" "-foreground" "-no-remote" "-profile" "C:\\Users\\ADMINI~1\\AppData\\Local\\Temp\\rust_mozprofile.utCLliQfJYxy"
1546416236833	addons.webextension.screenshots@mozilla.org	WARN	Loading extension 'screenshots@mozilla.org': Reading manifest: Invalid host permission: resource://pdf.js/
1546416236833	addons.webextension.screenshots@mozilla.org	WARN	Loading extension 'screenshots@mozilla.org': Reading manifest: Invalid host permission: about:reader*
1546416240213	Marionette	INFO	Listening on port 60210
1546416240637	Marionette	WARN	TLS certificate errors will be ignored for this session
JavaScript error: https://ss1.bdstatic.com/5eN1bjq8AAUYm2zgoY3K/r/www/cache/static/protocol/https/plugins/every_cookie_4644b13.js, line 4: ReferenceError: c is not defined
JavaScript error: https://sp0.baidu.com/5a1Fazu8AA54nxGko9WTAnF6hhy/su?wd=%E5%91%A8%E7%AC%94%E7%95%85&json=1&p=3&sid=1423_21115_28205_28132_26350_28139_27508&req=2&csor=3&pwd=%E5%91%A8%E7%AC%94&cb=jQuery1102038631494059021665_1546416243578&_=1546416243582, line 1: TypeError: jQuery1102038631494059021665_1546416243578 is not a function
JavaScript error: https://sp0.baidu.com/5a1Fazu8AA54nxGko9WTAnF6hhy/su?wd=%E5%91%A8&json=1&p=3&sid=1423_21115_28205_28132_26350_28139_27508&req=2&csor=1&cb=jQuery1102038631494059021665_1546416243578&_=1546416243580, line 1: TypeError: jQuery1102038631494059021665_1546416243578 is not a function
JavaScript error: https://sp0.baidu.com/5a1Fazu8AA54nxGko9WTAnF6hhy/su?wd=%E5%91%A8%E7%AC%94&json=1&p=3&sid=1423_21115_28205_28132_26350_28139_27508&req=2&csor=2&pwd=%E5%91%A8&cb=jQuery1102038631494059021665_1546416243578&_=1546416243581, line 1: TypeError: jQuery1102038631494059021665_1546416243578 is not a function
[Child 43372, Chrome_ChildThread] WARNING: pipe error: 109: file z:/build/build/src/ipc/chromium/src/chrome/common/ipc_channel_win.cc, line 346
[Child 43372, Chrome_ChildThread] WARNING: pipe error: 109: file z:/build/build/src/ipc/chromium/src/chrome/common/ipc_channel_win.cc, line 34[Child 41588, Chrome_ChildThread] WARNING: pipe error: 109:6 file z:/build/build/src/ipc/chromium/src/chrome/common/ipc_channel_win.
cc, line 346
console.error: 
  [Exception... "Component returned failure code: 0x80004005 (NS_ERROR_FAILURE) [nsIAppShellService.hiddenDOMWindow]"  nsresult: "0x80004005 (NS_ERROR_FAILURE)"  location: "JS frame :: resource://activity-stream/lib/DownloadsManager.jsm :: init :: line 44"  data: no]: init@resource://activity-stream/lib/DownloadsManager.jsm:44:5
postInit@resource://activity-stream/lib/HighlightsFeed.jsm:60:5
handler@resource://gre/modules/EventEmitter.jsm:94:11
emit@resource://gre/modules/EventEmitter.jsm:149:11
init@resource://activity-stream/lib/SectionsManager.jsm:119:5

[Child 45016, Chrome_ChildThread] WARNING: pipe error: 109: file z:/build/build/src/ipc/chromium/src/chrome/common/ipc_channel_win.cc, line 346
[Child 45016, Chrome_ChildThread] WARNING: pipe error: 109: file z:/build/build/src/ipc/chromium/src/chrome/common/ipc_channel_win.cc, line 346
JavaScript error: resource://services-common/kinto-offline-client.js, line 565: Error: getLastModified() The operation failed for reasons unrelated to the database itself and not covered by any other error code.
1546416248297	Marionette	INFO	Stopped listening on port 60210

###!!! [Child][RunMessage] Error: Channel closing: too late to send/recv, messages will be lost

[GPU 43404, Chrome_ChildThread] WARN